c[?7l[2J[0mSeaBIOS (version ArchLinux 1.14.0-1)


iPXE (http://ipxe.org) 00:03.0 CA00 PCI2.10 PnP PMM+0FF91500+0FEF1500 CA00
Press Ctrl-B to configure iPXE (PCI 00:03.0)...                                                                               


Booting from Hard Disk...
Boot failed: could not read the boot disk

Booting from Floppy...
Loading EPOS ... done;
This is EPOS
Setting up this machine as follows: 
  Processor:    1 x IA32 at 3700 MHz (BUS clock = 125 MHz)
  Memory:       262144 Kbytes [0x00000000:0x10000000]
  User memory:  261820 Kbytes [0x00000000:0x0ffaf000]
  PCI aperture: 28612 Kbytes [0xfd000000:0xfebf1000]
  Node Id:      will get from the network!
  Position:     will get from the network!
  Setup:        18304 bytes
  APP code:     16448 bytes	data: 448 bytes
IC::exc_pf[address=0xfffffffe](cs=8,ip=0x0000012c,fl=0x286,err=)
The running thread will now be terminated!
The last thread has exited!
Rebooting the machine ...
